{"/home/yuvrxj/base/asteroid/src/components/Asteroid.tsx": {"path":"/home/yuvrxj/base/asteroid/src/components/Asteroid.tsx","statementMap":{"0":{"start":{"line":1,"column":0},"end":{"line":1,"column":34}},"1":{"start":{"line":2,"column":0},"end":{"line":2,"column":78}},"2":{"start":{"line":3,"column":0},"end":{"line":3,"column":45}},"3":{"start":{"line":4,"column":0},"end":{"line":4,"column":38}},"4":{"start":{"line":5,"column":0},"end":{"line":5,"column":64}},"5":{"start":{"line":28,"column":25},"end":{"line":28,"column":67}},"6":{"start":{"line":31,"column":22},"end":{"line":41,"column":6}},"7":{"start":{"line":43,"column":25},"end":{"line":50,"column":6}},"8":{"start":{"line":52,"column":4},"end":{"line":128,"column":6}},"9":{"start":{"line":71,"column":30},"end":{"line":71,"column":56}},"10":{"start":{"line":132,"column":0},"end":{"line":132,"column":36}}},"fnMap":{"0":{"name":"(anonymous_0)","decl":{"start":{"line":27,"column":2},"end":{"line":27,"column":8}},"loc":{"start":{"line":27,"column":8},"end":{"line":129,"column":3}}},"1":{"name":"(anonymous_1)","decl":{"start":{"line":71,"column":23},"end":{"line":71,"column":26}},"loc":{"start":{"line":71,"column":30},"end":{"line":71,"column":56}}}},"branchMap":{"0":{"loc":{"start":{"line":87,"column":11},"end":{"line":124,"column":null}},"type":"binary-expr","locations":[{"start":{"line":87,"column":11},"end":{"line":87,"column":23}},{"start":{"line":88,"column":12},"end":{"line":123,"column":null}}]},"1":{"loc":{"start":{"line":102,"column":17},"end":{"line":102,"column":78}},"type":"cond-expr","locations":[{"start":{"line":102,"column":66},"end":{"line":102,"column":71}},{"start":{"line":102,"column":74},"end":{"line":102,"column":78}}]}},"s":{"0":1,"1":1,"2":1,"3":1,"4":1,"5":1,"6":1,"7":1,"8":1,"9":1,"10":1},"f":{"0":1,"1":1},"b":{"0":[1,0],"1":[0,0]}}
,"/home/yuvrxj/base/asteroid/src/components/Form.tsx": {"path":"/home/yuvrxj/base/asteroid/src/components/Form.tsx","statementMap":{"0":{"start":{"line":1,"column":0},"end":{"line":1,"column":41}},"1":{"start":{"line":2,"column":0},"end":{"line":2,"column":null}},"2":{"start":{"line":11,"column":0},"end":{"line":11,"column":52}},"3":{"start":{"line":12,"column":0},"end":{"line":12,"column":45}},"4":{"start":{"line":13,"column":0},"end":{"line":13,"column":53}},"5":{"start":{"line":14,"column":0},"end":{"line":14,"column":52}},"6":{"start":{"line":15,"column":0},"end":{"line":15,"column":38}},"7":{"start":{"line":16,"column":0},"end":{"line":16,"column":49}},"8":{"start":{"line":17,"column":0},"end":{"line":17,"column":26}},"9":{"start":{"line":18,"column":0},"end":{"line":18,"column":22}},"10":{"start":{"line":30,"column":4},"end":{"line":30,"column":17}},"11":{"start":{"line":36,"column":2},"end":{"line":36,"column":null}},"12":{"start":{"line":38,"column":2},"end":{"line":55,"column":null}},"13":{"start":{"line":39,"column":4},"end":{"line":39,"column":23}},"14":{"start":{"line":41,"column":4},"end":{"line":54,"column":5}},"15":{"start":{"line":42,"column":23},"end":{"line":43,"column":null}},"16":{"start":{"line":46,"column":6},"end":{"line":48,"column":7}},"17":{"start":{"line":47,"column":8},"end":{"line":47,"column":49}},"18":{"start":{"line":49,"column":19},"end":{"line":49,"column":38}},"19":{"start":{"line":51,"column":6},"end":{"line":51,"column":55}},"20":{"start":{"line":53,"column":6},"end":{"line":53,"column":37}},"21":{"start":{"line":57,"column":2},"end":{"line":76,"column":null}},"22":{"start":{"line":58,"column":4},"end":{"line":75,"column":5}},"23":{"start":{"line":59,"column":23},"end":{"line":60,"column":null}},"24":{"start":{"line":63,"column":6},"end":{"line":65,"column":7}},"25":{"start":{"line":64,"column":8},"end":{"line":64,"column":49}},"26":{"start":{"line":66,"column":19},"end":{"line":66,"column":38}},"27":{"start":{"line":67,"column":6},"end":{"line":67,"column":24}},"28":{"start":{"line":68,"column":21},"end":{"line":68,"column":79}},"29":{"start":{"line":70,"column":6},"end":{"line":72,"column":9}},"30":{"start":{"line":74,"column":6},"end":{"line":74,"column":37}},"31":{"start":{"line":78,"column":2},"end":{"line":82,"column":null}},"32":{"start":{"line":81,"column":4},"end":{"line":81,"column":50}},"33":{"start":{"line":84,"column":2},"end":{"line":98,"column":null}},"34":{"start":{"line":31,"column":4},"end":{"line":33,"column":6}},"35":{"start":{"line":101,"column":4},"end":{"line":203,"column":6}},"36":{"start":{"line":118,"column":30},"end":{"line":118,"column":56}},"37":{"start":{"line":168,"column":58},"end":{"line":168,"column":62}},"38":{"start":{"line":207,"column":0},"end":{"line":207,"column":32}}},"fnMap":{"0":{"name":"(anonymous_0)","decl":{"start":{"line":29,"column":2},"end":{"line":29,"column":14}},"loc":{"start":{"line":29,"column":24},"end":{"line":34,"column":3}}},"1":{"name":"(anonymous_1)","decl":{"start":{"line":38,"column":17},"end":{"line":38,"column":22}},"loc":{"start":{"line":38,"column":63},"end":{"line":55,"column":3}}},"2":{"name":"(anonymous_2)","decl":{"start":{"line":57,"column":21},"end":{"line":57,"column":26}},"loc":{"start":{"line":57,"column":32},"end":{"line":76,"column":3}}},"3":{"name":"(anonymous_3)","decl":{"start":{"line":78,"column":22},"end":{"line":78,"column":null}},"loc":{"start":{"line":80,"column":6},"end":{"line":82,"column":3}}},"4":{"name":"(anonymous_4)","decl":{"start":{"line":100,"column":2},"end":{"line":100,"column":8}},"loc":{"start":{"line":100,"column":8},"end":{"line":204,"column":3}}},"5":{"name":"(anonymous_5)","decl":{"start":{"line":118,"column":23},"end":{"line":118,"column":26}},"loc":{"start":{"line":118,"column":30},"end":{"line":118,"column":56}}},"6":{"name":"(anonymous_6)","decl":{"start":{"line":168,"column":52},"end":{"line":168,"column":55}},"loc":{"start":{"line":168,"column":58},"end":{"line":168,"column":62}}}},"branchMap":{"0":{"loc":{"start":{"line":46,"column":6},"end":{"line":48,"column":7}},"type":"if","locations":[{"start":{"line":46,"column":6},"end":{"line":48,"column":7}}]},"1":{"loc":{"start":{"line":63,"column":6},"end":{"line":65,"column":7}},"type":"if","locations":[{"start":{"line":63,"column":6},"end":{"line":65,"column":7}}]}},"s":{"0":1,"1":1,"2":1,"3":1,"4":1,"5":1,"6":1,"7":1,"8":1,"9":1,"10":3,"11":3,"12":3,"13":0,"14":0,"15":0,"16":0,"17":0,"18":0,"19":0,"20":0,"21":3,"22":0,"23":0,"24":0,"25":0,"26":0,"27":0,"28":0,"29":0,"30":0,"31":3,"32":0,"33":3,"34":3,"35":3,"36":0,"37":0,"38":1},"f":{"0":3,"1":0,"2":0,"3":0,"4":3,"5":0,"6":0},"b":{"0":[0],"1":[0]}}
,"/home/yuvrxj/base/asteroid/src/components/withRouter.tsx": {"path":"/home/yuvrxj/base/asteroid/src/components/withRouter.tsx","statementMap":{"0":{"start":{"line":1,"column":0},"end":{"line":1,"column":71}},"1":{"start":{"line":3,"column":19},"end":{"line":18,"column":1}},"2":{"start":{"line":4,"column":21},"end":{"line":16,"column":3}},"3":{"start":{"line":5,"column":21},"end":{"line":5,"column":34}},"4":{"start":{"line":6,"column":21},"end":{"line":6,"column":34}},"5":{"start":{"line":7,"column":19},"end":{"line":7,"column":30}},"6":{"start":{"line":8,"column":4},"end":{"line":15,"column":6}},"7":{"start":{"line":17,"column":2},"end":{"line":17,"column":20}},"8":{"start":{"line":20,"column":0},"end":{"line":20,"column":26}}},"fnMap":{"0":{"name":"(anonymous_0)","decl":{"start":{"line":3,"column":19},"end":{"line":3,"column":20}},"loc":{"start":{"line":3,"column":59},"end":{"line":18,"column":1}}},"1":{"name":"(anonymous_1)","decl":{"start":{"line":4,"column":21},"end":{"line":4,"column":22}},"loc":{"start":{"line":4,"column":36},"end":{"line":16,"column":3}}}},"branchMap":{},"s":{"0":2,"1":2,"2":2,"3":4,"4":4,"5":4,"6":4,"7":2,"8":2},"f":{"0":2,"1":4},"b":{}}
,"/home/yuvrxj/base/asteroid/src/constant/asteroid.ts": {"path":"/home/yuvrxj/base/asteroid/src/constant/asteroid.ts","statementMap":{"0":{"start":{"line":1,"column":25},"end":{"line":12,"column":2}},"1":{"start":{"line":13,"column":0},"end":{"line":13,"column":32}}},"fnMap":{},"branchMap":{},"s":{"0":1,"1":1},"f":{},"b":{}}
}
