TN:
SF:src/components/Asteroid.tsx
FN:27,(anonymous_0)
FN:71,(anonymous_1)
FNF:2
FNH:2
FNDA:1,(anonymous_0)
FNDA:1,(anonymous_1)
DA:1,1
DA:2,1
DA:3,1
DA:4,1
DA:5,1
DA:28,1
DA:31,1
DA:43,1
DA:52,1
DA:71,1
DA:132,1
LF:11
LH:11
BRDA:87,0,0,1
BRDA:87,0,1,0
BRDA:102,1,0,0
BRDA:102,1,1,0
BRF:4
BRH:1
end_of_record
TN:
SF:src/components/Form.tsx
FN:29,(anonymous_0)
FN:38,(anonymous_1)
FN:57,(anonymous_2)
FN:78,(anonymous_3)
FN:100,(anonymous_4)
FN:118,(anonymous_5)
FN:168,(anonymous_6)
FNF:7
FNH:2
FNDA:3,(anonymous_0)
FNDA:0,(anonymous_1)
FNDA:0,(anonymous_2)
FNDA:0,(anonymous_3)
FNDA:3,(anonymous_4)
FNDA:0,(anonymous_5)
FNDA:0,(anonymous_6)
DA:1,1
DA:2,1
DA:11,1
DA:12,1
DA:13,1
DA:14,1
DA:15,1
DA:16,1
DA:17,1
DA:18,1
DA:30,3
DA:31,3
DA:36,3
DA:38,3
DA:39,0
DA:41,0
DA:42,0
DA:46,0
DA:47,0
DA:49,0
DA:51,0
DA:53,0
DA:57,3
DA:58,0
DA:59,0
DA:63,0
DA:64,0
DA:66,0
DA:67,0
DA:68,0
DA:70,0
DA:74,0
DA:78,3
DA:81,0
DA:84,3
DA:101,3
DA:118,0
DA:168,0
DA:207,1
LF:39
LH:19
BRDA:46,0,0,0
BRDA:63,1,0,0
BRF:2
BRH:0
end_of_record
TN:
SF:src/components/withRouter.tsx
FN:3,(anonymous_0)
FN:4,(anonymous_1)
FNF:2
FNH:2
FNDA:2,(anonymous_0)
FNDA:4,(anonymous_1)
DA:1,2
DA:3,2
DA:4,2
DA:5,4
DA:6,4
DA:7,4
DA:8,4
DA:17,2
DA:20,2
LF:9
LH:9
BRF:0
BRH:0
end_of_record
TN:
SF:src/constant/asteroid.ts
FNF:0
FNH:0
DA:1,1
DA:13,1
LF:2
LH:2
BRF:0
BRH:0
end_of_record
